Der Buildvorgang wurde am 27.09.2013 20:04:38 gestartet.
     1>Projekt "D:\tt (1)\dev\Srcs\Client\EterLib\eterlib_VC90.vcxproj" auf Knoten "4", build Ziel(e).
     1>InitializeBuildStatus:
         ".\Debug\eterlib.unsuccessfulbuild" wird erstellt, da "AlwaysCreate" angegeben wurde.
       ClCompile:
         C:\Program Files (x86)\Microsoft Visual Studio 10.0\VC\bin\CL.exe /c /I. /I../../extern/include /Zi /nologo /W3 /WX- /Od /Oy- /D WIN32 /D _DEBUG /D _LIB /D _CRT_SECURE_NO_WARNINGS /D _VC80_UPGRADE=0x0710 /D _MBCS /Gm- /EHsc /RTC1 /MTd /GS /fp:precise /Zc:wchar_t /Zc:forScope /Yc"StdAfx.h" /Fp".\Debug\eterlib.pch" /Fo".\Debug/" /Fd".\Debug/vc100.pdb" /Gd /TP /analyze- /errorReport:prompt StdAfx.cpp
         StdAfx.cpp
         C:\Program Files (x86)\Microsoft Visual Studio 10.0\VC\bin\CL.exe /c /I. /I../../extern/include /Zi /nologo /W3 /WX- /Od /Oy- /D WIN32 /D _DEBUG /D _LIB /D _CRT_SECURE_NO_WARNINGS /D _VC80_UPGRADE=0x0710 /D _MBCS /Gm- /EHsc /RTC1 /MTd /GS /fp:precise /Zc:wchar_t /Zc:forScope /Yu"StdAfx.h" /Fp".\Debug\eterlib.pch" /Fo".\Debug/" /Fd".\Debug/vc100.pdb" /Gd /TP /analyze- /errorReport:prompt AttributeData.cpp AttributeInstance.cpp Camera.cpp CollisionData.cpp ColorTransitionHelper.cpp Decal.cpp EnvironmentMap.cpp FileLoaderThread.cpp GrpCollisionObject.cpp GrpColor.cpp GrpColorInstance.cpp GrpD3DXBuffer.cpp GrpDIB.cpp GrpIndexBuffer.cpp GrpLightManager.cpp GrpObjectInstance.cpp GrpPixelShader.cpp GrpRatioInstance.cpp GrpShadowTexture.cpp GrpVertexBuffer.cpp GrpVertexBufferDynamic.cpp GrpVertexBufferStatic.cpp GrpVertexShader.cpp Input.cpp LensFlare.cpp lineintersect_utils.cpp MSApplication.cpp MSWindow.cpp Mutex.cpp parser.cpp PathStack.cpp ReferenceObject.cpp ScreenFilter.cpp SkyBox.cpp TargaResource.cpp Thread.cpp Util.cpp CullingManager.cpp GrpBase.cpp GrpDetector.cpp GrpDevice.cpp GrpMath.cpp GrpScreen.cpp JpegFile.cpp StateManager.cpp Resource.cpp ResourceManager.cpp GrpExpandedImageInstance.cpp GrpImage.cpp GrpImageInstance.cpp GrpImageTexture.cpp GrpMarkInstance.cpp GrpSubImage.cpp GrpTexture.cpp NetAddress.cpp NetDatagram.cpp NetDatagramReceiver.cpp NetDatagramSender.cpp NetDevice.cpp NetPacketHeaderMap.cpp NetStream.cpp GrpFontTexture.cpp GrpText.cpp GrpTextInstance.cpp TextTag.cpp BlockTexture.cpp DibBar.cpp TextBar.cpp IME.cpp TextFileLoader.cpp
         AttributeData.cpp
         AttributeInstance.cpp
         Camera.cpp
         CollisionData.cpp
         ColorTransitionHelper.cpp
         Decal.cpp
         EnvironmentMap.cpp
         FileLoaderThread.cpp
         GrpCollisionObject.cpp
         GrpColor.cpp
         GrpColorInstance.cpp
         GrpD3DXBuffer.cpp
         GrpDIB.cpp
         GrpIndexBuffer.cpp
         GrpLightManager.cpp
         GrpObjectInstance.cpp
         GrpPixelShader.cpp
         GrpRatioInstance.cpp
         GrpShadowTexture.cpp
         GrpVertexBuffer.cpp
         Code wird generiert...
         Kompilieren...
         GrpVertexBufferDynamic.cpp
         GrpVertexBufferStatic.cpp
         GrpVertexShader.cpp
         Input.cpp
         LensFlare.cpp
         lineintersect_utils.cpp
         MSApplication.cpp
         MSWindow.cpp
         Mutex.cpp
         parser.cpp
         PathStack.cpp
         ReferenceObject.cpp
         ScreenFilter.cpp
         SkyBox.cpp
         TargaResource.cpp
         Thread.cpp
         Util.cpp
         CullingManager.cpp
         GrpBase.cpp
         GrpDetector.cpp
         Code wird generiert...
         Kompilieren...
         GrpDevice.cpp
         GrpMath.cpp
         GrpScreen.cpp
         JpegFile.cpp
         StateManager.cpp
         Resource.cpp
         ResourceManager.cpp
         GrpExpandedImageInstance.cpp
         GrpImage.cpp
         GrpImageInstance.cpp
         GrpImageTexture.cpp
         GrpMarkInstance.cpp
         GrpSubImage.cpp
         GrpTexture.cpp
         NetAddress.cpp
         NetDatagram.cpp
         NetDatagramReceiver.cpp
         NetDatagramSender.cpp
         NetDevice.cpp
         NetPacketHeaderMap.cpp
         Code wird generiert...
         Kompilieren...
         NetStream.cpp
         GrpFontTexture.cpp
         GrpText.cpp
         GrpTextInstance.cpp
         TextTag.cpp
         BlockTexture.cpp
         DibBar.cpp
         TextBar.cpp
         IME.cpp
         TextFileLoader.cpp
         Code wird generiert...
       Lib:
         C:\Program Files (x86)\Microsoft Visual Studio 10.0\VC\bin\Lib.exe /OUT:".\Debug\eterlib.lib" /NOLOGO .\Debug/AttributeData.obj
         .\Debug/AttributeInstance.obj
         .\Debug/Camera.obj
         .\Debug/CollisionData.obj
         .\Debug/ColorTransitionHelper.obj
         .\Debug/Decal.obj
         .\Debug/EnvironmentMap.obj
         .\Debug/FileLoaderThread.obj
         .\Debug/GrpCollisionObject.obj
         .\Debug/GrpColor.obj
         .\Debug/GrpColorInstance.obj
         .\Debug/GrpD3DXBuffer.obj
         .\Debug/GrpDIB.obj
         .\Debug/GrpIndexBuffer.obj
         .\Debug/GrpLightManager.obj
         .\Debug/GrpObjectInstance.obj
         .\Debug/GrpPixelShader.obj
         .\Debug/GrpRatioInstance.obj
         .\Debug/GrpShadowTexture.obj
         .\Debug/GrpVertexBuffer.obj
         .\Debug/GrpVertexBufferDynamic.obj
         .\Debug/GrpVertexBufferStatic.obj
         .\Debug/GrpVertexShader.obj
         .\Debug/Input.obj
         .\Debug/LensFlare.obj
         .\Debug/lineintersect_utils.obj
         .\Debug/MSApplication.obj
         .\Debug/MSWindow.obj
         .\Debug/Mutex.obj
         .\Debug/parser.obj
         .\Debug/PathStack.obj
         .\Debug/ReferenceObject.obj
         .\Debug/ScreenFilter.obj
         .\Debug/SkyBox.obj
         .\Debug/StdAfx.obj
         .\Debug/TargaResource.obj
         .\Debug/Thread.obj
         .\Debug/Util.obj
         .\Debug/CullingManager.obj
         .\Debug/GrpBase.obj
         .\Debug/GrpDetector.obj
         .\Debug/GrpDevice.obj
         .\Debug/GrpMath.obj
         .\Debug/GrpScreen.obj
         .\Debug/JpegFile.obj
         .\Debug/StateManager.obj
         .\Debug/Resource.obj
         .\Debug/ResourceManager.obj
         .\Debug/GrpExpandedImageInstance.obj
         .\Debug/GrpImage.obj
         .\Debug/GrpImageInstance.obj
         .\Debug/GrpImageTexture.obj
         .\Debug/GrpMarkInstance.obj
         .\Debug/GrpSubImage.obj
         .\Debug/GrpTexture.obj
         .\Debug/NetAddress.obj
         .\Debug/NetDatagram.obj
         .\Debug/NetDatagramReceiver.obj
         .\Debug/NetDatagramSender.obj
         .\Debug/NetDevice.obj
         .\Debug/NetPacketHeaderMap.obj
         .\Debug/NetStream.obj
         .\Debug/GrpFontTexture.obj
         .\Debug/GrpText.obj
         .\Debug/GrpTextInstance.obj
         .\Debug/TextTag.obj
         .\Debug/BlockTexture.obj
         .\Debug/DibBar.obj
         .\Debug/TextBar.obj
         .\Debug/IME.obj
         .\Debug/TextFileLoader.obj
         eterlib_VC90.vcxproj -> D:\tt (1)\dev\Srcs\Client\EterLib\.\Debug\eterlib.lib
       FinalizeBuildStatus:
         Die Datei ".\Debug\eterlib.unsuccessfulbuild" wird gelöscht.
         Aktualisieren des Timestamps von ".\Debug\eterlib.lastbuildstate".
     1>Die Erstellung des Projekts "D:\tt (1)\dev\Srcs\Client\EterLib\eterlib_VC90.vcxproj" ist abgeschlossen, build Ziel(e).

Das Erstellen war erfolgreich.

Verstrichene Zeit 00:00:26.06
