Der Buildvorgang wurde am 27.09.2013 20:03:52 gestartet.
     1>Projekt "D:\tt (1)\dev\Srcs\Client\MilesLib\mileslib_VC90.vcxproj" auf Knoten "4", build Ziel(e).
     1>InitializeBuildStatus:
         ".\Debug\mileslib.unsuccessfulbuild" wird erstellt, da "AlwaysCreate" angegeben wurde.
       ClCompile:
         C:\Program Files (x86)\Microsoft Visual Studio 10.0\VC\bin\CL.exe /c /I. /I../../extern/include /Zi /nologo /W3 /WX- /Od /Oy- /D WIN32 /D _DEBUG /D _LIB /D _VC80_UPGRADE=0x0710 /D _MBCS /Gm- /EHsc /RTC1 /MTd /GS /fp:precise /Zc:wchar_t /Zc:forScope /Yc"stdafx.h" /Fp".\Debug/mileslib.pch" /Fo".\Debug/" /Fd".\Debug/vc100.pdb" /FR".\Debug\\" /Gd /TP /analyze- /errorReport:prompt Stdafx.cpp
         Stdafx.cpp
         C:\Program Files (x86)\Microsoft Visual Studio 10.0\VC\bin\CL.exe /c /I. /I../../extern/include /Zi /nologo /W3 /WX- /Od /Oy- /D WIN32 /D _DEBUG /D _LIB /D _VC80_UPGRADE=0x0710 /D _MBCS /Gm- /EHsc /RTC1 /MTd /GS /fp:precise /Zc:wchar_t /Zc:forScope /Yu"stdafx.h" /Fp".\Debug/mileslib.pch" /Fo".\Debug/" /Fd".\Debug/vc100.pdb" /FR".\Debug\\" /Gd /TP /analyze- /errorReport:prompt SoundBase.cpp SoundData.cpp SoundInstance2D.cpp SoundInstance3D.cpp SoundInstanceStream.cpp SoundManager.cpp SoundManager2D.cpp SoundManager3D.cpp SoundManagerStream.cpp Type.cpp
         SoundBase.cpp
         SoundData.cpp
     1>SoundData.cpp(19): warning C4996: 'strncpy': This function or variable may be unsafe. Consider using strncpy_s instead. To disable deprecation, use _CRT_SECURE_NO_WARNINGS. See online help for details.
                 C:\Program Files (x86)\Microsoft Visual Studio 10.0\VC\include\string.h(188): Siehe Deklaration von 'strncpy'
         SoundInstance2D.cpp
         SoundInstance3D.cpp
         SoundInstanceStream.cpp
         SoundManager.cpp
         SoundManager2D.cpp
         SoundManager3D.cpp
         SoundManagerStream.cpp
         Type.cpp
     1>Type.cpp(48): warning C4996: '_snprintf': This function or variable may be unsafe. Consider using _snprintf_s instead. To disable deprecation, use _CRT_SECURE_NO_WARNINGS. See online help for details.
                 C:\Program Files (x86)\Microsoft Visual Studio 10.0\VC\include\stdio.h(363): Siehe Deklaration von '_snprintf'
     1>Type.cpp(92): warning C4996: 'fopen': This function or variable may be unsafe. Consider using fopen_s instead. To disable deprecation, use _CRT_SECURE_NO_WARNINGS. See online help for details.
                 C:\Program Files (x86)\Microsoft Visual Studio 10.0\VC\include\stdio.h(234): Siehe Deklaration von 'fopen'
     1>Type.cpp(97): warning C4996: '_snprintf': This function or variable may be unsafe. Consider using _snprintf_s instead. To disable deprecation, use _CRT_SECURE_NO_WARNINGS. See online help for details.
                 C:\Program Files (x86)\Microsoft Visual Studio 10.0\VC\include\stdio.h(363): Siehe Deklaration von '_snprintf'
         Code wird generiert...
       Lib:
         C:\Program Files (x86)\Microsoft Visual Studio 10.0\VC\bin\Lib.exe /OUT:".\Debug\mileslib.lib" /NOLOGO .\Debug/SoundBase.obj
         .\Debug/SoundData.obj
         .\Debug/SoundInstance2D.obj
         .\Debug/SoundInstance3D.obj
         .\Debug/SoundInstanceStream.obj
         .\Debug/SoundManager.obj
         .\Debug/SoundManager2D.obj
         .\Debug/SoundManager3D.obj
         .\Debug/SoundManagerStream.obj
         .\Debug/Stdafx.obj
         .\Debug/Type.obj
         mileslib_VC90.vcxproj -> D:\tt (1)\dev\Srcs\Client\MilesLib\.\Debug\mileslib.lib
       BscMake:
         C:\Program Files (x86)\Microsoft Visual Studio 10.0\VC\bin\bscmake.exe /nologo /o".\Debug\mileslib.bsc" .\Debug\SoundBase.sbr .\Debug\SoundData.sbr .\Debug\SoundInstance2D.sbr .\Debug\SoundInstance3D.sbr .\Debug\SoundInstanceStream.sbr .\Debug\SoundManager.sbr .\Debug\SoundManager2D.sbr .\Debug\SoundManager3D.sbr .\Debug\SoundManagerStream.sbr .\Debug\Stdafx.sbr .\Debug\Type.sbr
       FinalizeBuildStatus:
         Die Datei ".\Debug\mileslib.unsuccessfulbuild" wird gelöscht.
         Aktualisieren des Timestamps von ".\Debug\mileslib.lastbuildstate".
     1>Die Erstellung des Projekts "D:\tt (1)\dev\Srcs\Client\MilesLib\mileslib_VC90.vcxproj" ist abgeschlossen, build Ziel(e).

Das Erstellen war erfolgreich.

Verstrichene Zeit 00:00:22.20
