Der Buildvorgang wurde am 27.09.2013 20:03:52 gestartet.
     1>Projekt "D:\tt (1)\dev\Srcs\Client\GameLib\gamelib_VC90.vcxproj" auf Knoten "2", build Ziel(e).
     1>InitializeBuildStatus:
         ".\Debug\gamelib.unsuccessfulbuild" wird erstellt, da "AlwaysCreate" angegeben wurde.
       ClCompile:
         C:\Program Files (x86)\Microsoft Visual Studio 10.0\VC\bin\CL.exe /c /I. /I../../extern/include /Zi /nologo /W3 /WX- /Od /Oy- /D WIN32 /D _DEBUG /D _LIB /D BACKGROUND_LOADING /D _VC80_UPGRADE=0x0710 /D _MBCS /Gm- /EHsc /RTC1 /MTd /GS /fp:precise /Zc:wchar_t /Zc:forScope /Yc"stdafx.h" /Fp".\Debug/gamelib.pch" /Fo".\Debug/" /Fd".\Debug/vc100.pdb" /FR".\Debug\\" /Gd /TP /analyze- /errorReport:prompt StdAfx.cpp
         StdAfx.cpp
         C:\Program Files (x86)\Microsoft Visual Studio 10.0\VC\bin\CL.exe /c /I. /I../../extern/include /Zi /nologo /W3 /WX- /Od /Oy- /D WIN32 /D _DEBUG /D _LIB /D BACKGROUND_LOADING /D _VC80_UPGRADE=0x0710 /D _MBCS /Gm- /EHsc /RTC1 /MTd /GS /fp:precise /Zc:wchar_t /Zc:forScope /Yu"stdafx.h" /Fp".\Debug/gamelib.pch" /Fo".\Debug/" /Fd".\Debug/vc100.pdb" /FR".\Debug\\" /Gd /TP /analyze- /errorReport:prompt ActorInstance.cpp ActorInstanceAttach.cpp ActorInstanceBattle.cpp ActorInstanceBlend.cpp ActorInstanceCollisionDetection.cpp ActorInstanceData.cpp ActorInstanceEvent.cpp ActorInstanceFly.cpp ActorInstanceMotion.cpp ActorInstanceMotionEvent.cpp ActorInstancePosition.cpp ActorInstanceRender.cpp ActorInstanceRotation.cpp ActorInstanceSync.cpp ActorInstanceWeaponTrace.cpp DungeonBlock.cpp PhysicsObject.cpp RaceData.cpp RaceDataFile.cpp RaceManager.cpp RaceMotionData.cpp WeaponTrace.cpp Area.cpp AreaLoaderThread.cpp AreaTerrain.cpp MapBase.cpp MapManager.cpp MapOutdoor.cpp MapOutdoorCharacterShadow.cpp MapOutdoorIndexBuffer.cpp MapOutdoorLoad.cpp MapOutdoorQuadtree.cpp MapOutdoorRender.cpp MapOutdoorRenderHTP.cpp MapOutdoorRenderSTP.cpp MapOutdoorUpdate.cpp MapOutdoorWater.cpp MapType.cpp MapUtil.cpp MonsterAreaInfo.cpp Property.cpp PropertyLoader.cpp PropertyManager.cpp SnowEnvironment.cpp SnowParticle.cpp TerrainDecal.cpp TerrainPatch.cpp TerrainQuadtree.cpp GameEventManager.cpp GameType.cpp GameUtil.cpp ItemData.cpp ItemManager.cpp FlyingData.cpp FlyingInstance.cpp FlyingObjectManager.cpp FlyTarget.cpp FlyTrace.cpp
         ActorInstance.cpp
         ActorInstanceAttach.cpp
         ActorInstanceBattle.cpp
         ActorInstanceBlend.cpp
         ActorInstanceCollisionDetection.cpp
         ActorInstanceData.cpp
         ActorInstanceEvent.cpp
         ActorInstanceFly.cpp
         ActorInstanceMotion.cpp
         ActorInstanceMotionEvent.cpp
         ActorInstancePosition.cpp
         ActorInstanceRender.cpp
         ActorInstanceRotation.cpp
         ActorInstanceSync.cpp
         ActorInstanceWeaponTrace.cpp
         DungeonBlock.cpp
         PhysicsObject.cpp
         RaceData.cpp
         RaceDataFile.cpp
         RaceManager.cpp
         Code wird generiert...
         Kompilieren...
         RaceMotionData.cpp
         WeaponTrace.cpp
         Area.cpp
         AreaLoaderThread.cpp
         AreaTerrain.cpp
     1>AreaTerrain.cpp(682): warning C4309: '=': Verkürzung eines konstanten Wertes
     1>AreaTerrain.cpp(722): warning C4309: '=': Verkürzung eines konstanten Wertes
         MapBase.cpp
         MapManager.cpp
         MapOutdoor.cpp
     1>MapOutdoor.cpp(1510): warning C4309: '=': Verkürzung eines konstanten Wertes
         MapOutdoorCharacterShadow.cpp
         MapOutdoorIndexBuffer.cpp
         MapOutdoorLoad.cpp
         MapOutdoorQuadtree.cpp
         MapOutdoorRender.cpp
         MapOutdoorRenderHTP.cpp
         MapOutdoorRenderSTP.cpp
         MapOutdoorUpdate.cpp
         MapOutdoorWater.cpp
         MapType.cpp
         MapUtil.cpp
         MonsterAreaInfo.cpp
         Code wird generiert...
         Kompilieren...
         Property.cpp
         PropertyLoader.cpp
         PropertyManager.cpp
         SnowEnvironment.cpp
         SnowParticle.cpp
         TerrainDecal.cpp
         TerrainPatch.cpp
         TerrainQuadtree.cpp
         GameEventManager.cpp
         GameType.cpp
         GameUtil.cpp
         ItemData.cpp
         ItemManager.cpp
         FlyingData.cpp
         FlyingInstance.cpp
         FlyingObjectManager.cpp
         FlyTarget.cpp
         FlyTrace.cpp
         Code wird generiert...
       Lib:
         C:\Program Files (x86)\Microsoft Visual Studio 10.0\VC\bin\Lib.exe /OUT:".\Debug\gamelib.lib" /NOLOGO .\Debug/ActorInstance.obj
         .\Debug/ActorInstanceAttach.obj
         .\Debug/ActorInstanceBattle.obj
         .\Debug/ActorInstanceBlend.obj
         .\Debug/ActorInstanceCollisionDetection.obj
         .\Debug/ActorInstanceData.obj
         .\Debug/ActorInstanceEvent.obj
         .\Debug/ActorInstanceFly.obj
         .\Debug/ActorInstanceMotion.obj
         .\Debug/ActorInstanceMotionEvent.obj
         .\Debug/ActorInstancePosition.obj
         .\Debug/ActorInstanceRender.obj
         .\Debug/ActorInstanceRotation.obj
         .\Debug/ActorInstanceSync.obj
         .\Debug/ActorInstanceWeaponTrace.obj
         .\Debug/DungeonBlock.obj
         .\Debug/PhysicsObject.obj
         .\Debug/RaceData.obj
         .\Debug/RaceDataFile.obj
         .\Debug/RaceManager.obj
         .\Debug/RaceMotionData.obj
         .\Debug/WeaponTrace.obj
         .\Debug/Area.obj
         .\Debug/AreaLoaderThread.obj
         .\Debug/AreaTerrain.obj
         .\Debug/MapBase.obj
         .\Debug/MapManager.obj
         .\Debug/MapOutdoor.obj
         .\Debug/MapOutdoorCharacterShadow.obj
         .\Debug/MapOutdoorIndexBuffer.obj
         .\Debug/MapOutdoorLoad.obj
         .\Debug/MapOutdoorQuadtree.obj
         .\Debug/MapOutdoorRender.obj
         .\Debug/MapOutdoorRenderHTP.obj
         .\Debug/MapOutdoorRenderSTP.obj
         .\Debug/MapOutdoorUpdate.obj
         .\Debug/MapOutdoorWater.obj
         .\Debug/MapType.obj
         .\Debug/MapUtil.obj
         .\Debug/MonsterAreaInfo.obj
         .\Debug/Property.obj
         .\Debug/PropertyLoader.obj
         .\Debug/PropertyManager.obj
         .\Debug/SnowEnvironment.obj
         .\Debug/SnowParticle.obj
         .\Debug/TerrainDecal.obj
         .\Debug/TerrainPatch.obj
         .\Debug/TerrainQuadtree.obj
         .\Debug/GameEventManager.obj
         .\Debug/GameType.obj
         .\Debug/GameUtil.obj
         .\Debug/ItemData.obj
         .\Debug/ItemManager.obj
         .\Debug/FlyingData.obj
         .\Debug/FlyingInstance.obj
         .\Debug/FlyingObjectManager.obj
         .\Debug/FlyTarget.obj
         .\Debug/FlyTrace.obj
         .\Debug/StdAfx.obj
         gamelib_VC90.vcxproj -> D:\tt (1)\dev\Srcs\Client\GameLib\.\Debug\gamelib.lib
       BscMake:
         C:\Program Files (x86)\Microsoft Visual Studio 10.0\VC\bin\bscmake.exe /nologo /o".\Debug\gamelib.bsc" .\Debug\ActorInstance.sbr .\Debug\ActorInstanceAttach.sbr .\Debug\ActorInstanceBattle.sbr .\Debug\ActorInstanceBlend.sbr .\Debug\ActorInstanceCollisionDetection.sbr .\Debug\ActorInstanceData.sbr .\Debug\ActorInstanceEvent.sbr .\Debug\ActorInstanceFly.sbr .\Debug\ActorInstanceMotion.sbr .\Debug\ActorInstanceMotionEvent.sbr .\Debug\ActorInstancePosition.sbr .\Debug\ActorInstanceRender.sbr .\Debug\ActorInstanceRotation.sbr .\Debug\ActorInstanceSync.sbr .\Debug\ActorInstanceWeaponTrace.sbr .\Debug\DungeonBlock.sbr .\Debug\PhysicsObject.sbr .\Debug\RaceData.sbr .\Debug\RaceDataFile.sbr .\Debug\RaceManager.sbr .\Debug\RaceMotionData.sbr .\Debug\WeaponTrace.sbr .\Debug\Area.sbr .\Debug\AreaLoaderThread.sbr .\Debug\AreaTerrain.sbr .\Debug\MapBase.sbr .\Debug\MapManager.sbr .\Debug\MapOutdoor.sbr .\Debug\MapOutdoorCharacterShadow.sbr .\Debug\MapOutdoorIndexBuffer.sbr .\Debug\MapOutdoorLoad.sbr .\Debug\MapOutdoorQuadtree.sbr .\Debug\MapOutdoorRender.sbr .\Debug\MapOutdoorRenderHTP.sbr .\Debug\MapOutdoorRenderSTP.sbr .\Debug\MapOutdoorUpdate.sbr .\Debug\MapOutdoorWater.sbr .\Debug\MapType.sbr .\Debug\MapUtil.sbr .\Debug\MonsterAreaInfo.sbr .\Debug\Property.sbr .\Debug\PropertyLoader.sbr .\Debug\PropertyManager.sbr .\Debug\SnowEnvironment.sbr .\Debug\SnowParticle.sbr .\Debug\TerrainDecal.sbr .\Debug\TerrainPatch.sbr .\Debug\TerrainQuadtree.sbr .\Debug\GameEventManager.sbr .\Debug\GameType.sbr .\Debug\GameUtil.sbr .\Debug\ItemData.sbr .\Debug\ItemManager.sbr .\Debug\FlyingData.sbr .\Debug\FlyingInstance.sbr .\Debug\FlyingObjectManager.sbr .\Debug\FlyTarget.sbr .\Debug\FlyTrace.sbr .\Debug\StdAfx.sbr
       FinalizeBuildStatus:
         Die Datei ".\Debug\gamelib.unsuccessfulbuild" wird gelöscht.
         Aktualisieren des Timestamps von ".\Debug\gamelib.lastbuildstate".
     1>Die Erstellung des Projekts "D:\tt (1)\dev\Srcs\Client\GameLib\gamelib_VC90.vcxproj" ist abgeschlossen, build Ziel(e).

Das Erstellen war erfolgreich.

Verstrichene Zeit 00:00:54.74
