Der Buildvorgang wurde am 27.09.2013 20:03:52 gestartet.
     1>Projekt "D:\tt (1)\dev\Srcs\Client\scriptLib\scriptLib_VC90.vcxproj" auf Knoten "3", build Ziel(e).
     1>InitializeBuildStatus:
         ".\Debug\scriptLib.unsuccessfulbuild" wird erstellt, da "AlwaysCreate" angegeben wurde.
       ClCompile:
         C:\Program Files (x86)\Microsoft Visual Studio 10.0\VC\bin\CL.exe /c /I. /I../../extern/include /Zi /nologo /W3 /WX- /Od /Oy- /D WIN32 /D _DEBUG /D _LIB /D _VC80_UPGRADE=0x0710 /D _MBCS /Gm- /EHsc /RTC1 /MTd /GS /fp:precise /Zc:wchar_t /Zc:forScope /Yc"stdafx.h" /Fp".\Debug/scriptLib.pch" /Fo".\Debug/" /Fd".\Debug/vc100.pdb" /FR".\Debug\\" /Gd /TP /analyze- /errorReport:prompt StdAfx.cpp
         StdAfx.cpp
         C:\Program Files (x86)\Microsoft Visual Studio 10.0\VC\bin\CL.exe /c /I. /I../../extern/include /Zi /nologo /W3 /WX- /Od /Oy- /D WIN32 /D _DEBUG /D _LIB /D _VC80_UPGRADE=0x0710 /D _MBCS /Gm- /EHsc /RTC1 /MTd /GS /fp:precise /Zc:wchar_t /Zc:forScope /Yu"stdafx.h" /Fp".\Debug/scriptLib.pch" /Fo".\Debug/" /Fd".\Debug/vc100.pdb" /Gd /TP /analyze- /errorReport:prompt PythonDebugModule.cpp PythonLauncher.cpp PythonMarshal.cpp PythonUtils.cpp Resource.cpp
         PythonDebugModule.cpp
     1>PythonDebugModule.cpp(1): warning C4652: Compiler-Option 'Browserinformationen generieren' steht in Konflikt mit der vorkompilierten Headerdatei; aktuelle Befehlszeilenoption überschreibt die in der vorkompilierten Headerdatei definierte Option
         PythonLauncher.cpp
     1>PythonLauncher.cpp(1): warning C4652: Compiler-Option 'Browserinformationen generieren' steht in Konflikt mit der vorkompilierten Headerdatei; aktuelle Befehlszeilenoption überschreibt die in der vorkompilierten Headerdatei definierte Option
         PythonMarshal.cpp
     1>PythonMarshal.cpp(6): warning C4652: Compiler-Option 'Browserinformationen generieren' steht in Konflikt mit der vorkompilierten Headerdatei; aktuelle Befehlszeilenoption überschreibt die in der vorkompilierten Headerdatei definierte Option
         PythonUtils.cpp
     1>PythonUtils.cpp(1): warning C4652: Compiler-Option 'Browserinformationen generieren' steht in Konflikt mit der vorkompilierten Headerdatei; aktuelle Befehlszeilenoption überschreibt die in der vorkompilierten Headerdatei definierte Option
         Resource.cpp
     1>Resource.cpp(1): warning C4652: Compiler-Option 'Browserinformationen generieren' steht in Konflikt mit der vorkompilierten Headerdatei; aktuelle Befehlszeilenoption überschreibt die in der vorkompilierten Headerdatei definierte Option
         Code wird generiert...
       Lib:
         C:\Program Files (x86)\Microsoft Visual Studio 10.0\VC\bin\Lib.exe /OUT:".\Debug\scriptLib.lib" /NOLOGO .\Debug/PythonDebugModule.obj
         .\Debug/PythonLauncher.obj
         .\Debug/PythonMarshal.obj
         .\Debug/PythonUtils.obj
         .\Debug/Resource.obj
         .\Debug/StdAfx.obj
         scriptLib_VC90.vcxproj -> D:\tt (1)\dev\Srcs\Client\scriptLib\.\Debug\scriptLib.lib
       BscMake:
         C:\Program Files (x86)\Microsoft Visual Studio 10.0\VC\bin\bscmake.exe /nologo /o".\Debug\scriptLib.bsc" .\Debug\StdAfx.sbr
       FinalizeBuildStatus:
         Die Datei ".\Debug\scriptLib.unsuccessfulbuild" wird gelöscht.
         Aktualisieren des Timestamps von ".\Debug\scriptLib.lastbuildstate".
     1>Die Erstellung des Projekts "D:\tt (1)\dev\Srcs\Client\scriptLib\scriptLib_VC90.vcxproj" ist abgeschlossen, build Ziel(e).

Das Erstellen war erfolgreich.

Verstrichene Zeit 00:00:12.57
