Der Buildvorgang wurde am 27.09.2013 20:03:52 gestartet.
     1>Projekt "D:\tt (1)\dev\Srcs\Client\eterPythonLib\eterPythonLib_VC90.vcxproj" auf Knoten "5", build Ziel(e).
     1>InitializeBuildStatus:
         ".\Debug\eterPythonLib.unsuccessfulbuild" wird erstellt, da "AlwaysCreate" angegeben wurde.
       ClCompile:
         C:\Program Files (x86)\Microsoft Visual Studio 10.0\VC\bin\CL.exe /c /I. /I../../extern/include /Zi /nologo /W3 /WX- /Od /Oy- /D WIN32 /D _DEBUG /D _LIB /D _VC80_UPGRADE=0x0710 /D _MBCS /Gm- /EHsc /RTC1 /MTd /GS /fp:precise /Zc:wchar_t /Zc:forScope /Yc"stdafx.h" /Fp".\Debug/eterPythonLib.pch" /Fo".\Debug/" /Fd".\Debug/vc100.pdb" /FR".\Debug\\" /Gd /TP /analyze- /errorReport:prompt StdAfx.cpp
         StdAfx.cpp
         C:\Program Files (x86)\Microsoft Visual Studio 10.0\VC\bin\CL.exe /c /I. /I../../extern/include /Zi /nologo /W3 /WX- /Od /Oy- /D WIN32 /D _DEBUG /D _LIB /D _VC80_UPGRADE=0x0710 /D _MBCS /Gm- /EHsc /RTC1 /MTd /GS /fp:precise /Zc:wchar_t /Zc:forScope /Yu"stdafx.h" /Fp".\Debug/eterPythonLib.pch" /Fo".\Debug/" /Fd".\Debug/vc100.pdb" /FR".\Debug\\" /Gd /TP /analyze- /errorReport:prompt PythonGridSlotWindow.cpp PythonSlotWindow.cpp PythonWindow.cpp PythonWindowManager.cpp PythonWindowManagerModule.cpp PythonGraphic.cpp PythonGraphicImageModule.cpp PythonGraphicModule.cpp PythonGraphicTextModule.cpp PythonGraphicThingModule.cpp
         PythonGridSlotWindow.cpp
         PythonSlotWindow.cpp
         PythonWindow.cpp
         PythonWindowManager.cpp
         PythonWindowManagerModule.cpp
         PythonGraphic.cpp
     1>PythonGraphic.cpp(294): error C2664: 'CPythonGraphic::SaveJPEG': Konvertierung des Parameters 2 von 'char *' in 'LPBYTE' nicht möglich
                 Die Typen, auf die verwiesen wird, sind nicht verknüpft; die Konvertierung erfordert einen reinterpret_cast-Operator oder eine Typumwandlung im C- oder Funktionsformat.
         PythonGraphicImageModule.cpp
         PythonGraphicModule.cpp
         PythonGraphicTextModule.cpp
         PythonGraphicThingModule.cpp
         Code wird generiert...
     1>Die Erstellung des Projekts "D:\tt (1)\dev\Srcs\Client\eterPythonLib\eterPythonLib_VC90.vcxproj" ist abgeschlossen, build Ziel(e) -- FEHLER.

Fehler beim Erstellen

Verstrichene Zeit 00:00:05.40
